android-app/app/build/intermediates/manifest_merge_blame_file/debug/processDebugMainManifest/manifest-merger-blame-debug-report.txt
1<?xml version="1.0" encoding="utf-8"?>
2<manifest xmlns:android="http://schemas.android.com/apk/res/android"
3    package="com.batchloader.app"
4    android:versionCode="1"
5    android:versionName="1.0" >
6
7    <uses-sdk
8        android:minSdkVersion="24"
9        android:targetSdkVersion="34" />
10
11    <uses-permission android:name="android.permission.INTERNET" />
11-->src/main/AndroidManifest.xml:4:5-67
11-->src/main/AndroidManifest.xml:4:22-64
12    <uses-permission android:name="android.permission.ACCESS_NETWORK_STATE" />
12-->src/main/AndroidManifest.xml:5:5-79
12-->src/main/AndroidManifest.xml:5:22-76
13    <uses-permission android:name="android.permission.ACCESS_WIFI_STATE" />
13-->src/main/AndroidManifest.xml:6:5-76
13-->src/main/AndroidManifest.xml:6:22-73
14    <uses-permission android:name="android.permission.CHANGE_WIFI_STATE" />
14-->src/main/AndroidManifest.xml:7:5-76
14-->src/main/AndroidManifest.xml:7:22-73
15    <uses-permission android:name="android.permission.ACCESS_FINE_LOCATION" />
15-->src/main/AndroidManifest.xml:8:5-79
15-->src/main/AndroidManifest.xml:8:22-76
16    <uses-permission
16-->src/main/AndroidManifest.xml:9:5-10:38
17        android:name="android.permission.NEARBY_WIFI_DEVICES"
17-->src/main/AndroidManifest.xml:9:22-75
18        android:minSdkVersion="33" />
18-->src/main/AndroidManifest.xml:10:9-35
19
20    <permission
20-->[androidx.core:core:1.9.0] AndroidManifest.xml:22:5-24:47
21        android:name="com.batchloader.app.DYNAMIC_RECEIVER_NOT_EXPORTED_PERMISSION"
21-->[androidx.core:core:1.9.0] AndroidManifest.xml:23:9-81
22        android:protectionLevel="signature" />
22-->[androidx.core:core:1.9.0] AndroidManifest.xml:24:9-44
23
24    <uses-permission android:name="com.batchloader.app.DYNAMIC_RECEIVER_NOT_EXPORTED_PERMISSION" />
24-->[androidx.core:core:1.9.0] AndroidManifest.xml:26:5-97
24-->[androidx.core:core:1.9.0] AndroidManifest.xml:26:22-94
25
26    <application
26-->src/main/AndroidManifest.xml:12:5-31:19
27        android:allowBackup="true"
27-->src/main/AndroidManifest.xml:13:9-35
28        android:appComponentFactory="androidx.core.app.CoreComponentFactory"
28-->[androidx.core:core:1.9.0] AndroidManifest.xml:28:18-86
29        android:debuggable="true"
30        android:extractNativeLibs="false"
31        android:icon="@mipmap/ic_launcher"
31-->src/main/AndroidManifest.xml:14:9-43
32        android:label="Batch Loader"
32-->src/main/AndroidManifest.xml:15:9-37
33        android:networkSecurityConfig="@xml/network_security_config"
33-->src/main/AndroidManifest.xml:18:9-69
34        android:theme="@style/Theme.BatchLoader"
34-->src/main/AndroidManifest.xml:16:9-49
35        android:usesCleartextTraffic="true" >
35-->src/main/AndroidManifest.xml:17:9-44
36        <activity
36-->src/main/AndroidManifest.xml:20:9-29:20
37            android:name="com.batchloader.app.MainActivity"
37-->src/main/AndroidManifest.xml:21:13-41
38            android:configChanges="orientation|screenSize|keyboardHidden"
38-->src/main/AndroidManifest.xml:24:13-74
39            android:exported="true"
39-->src/main/AndroidManifest.xml:22:13-36
40            android:screenOrientation="portrait" >
40-->src/main/AndroidManifest.xml:23:13-49
41            <intent-filter>
41-->src/main/AndroidManifest.xml:25:13-28:29
42                <action android:name="android.intent.action.MAIN" />
42-->src/main/AndroidManifest.xml:26:17-69
42-->src/main/AndroidManifest.xml:26:25-66
43
44                <category android:name="android.intent.category.LAUNCHER" />
44-->src/main/AndroidManifest.xml:27:17-77
44-->src/main/AndroidManifest.xml:27:27-74
45            </intent-filter>
46        </activity>
47
48        <provider
48-->[androidx.emoji2:emoji2:1.2.0] AndroidManifest.xml:24:9-32:20
49            android:name="androidx.startup.InitializationProvider"
49-->[androidx.emoji2:emoji2:1.2.0] AndroidManifest.xml:25:13-67
50            android:authorities="com.batchloader.app.androidx-startup"
50-->[androidx.emoji2:emoji2:1.2.0] AndroidManifest.xml:26:13-68
51            android:exported="false" >
51-->[androidx.emoji2:emoji2:1.2.0] AndroidManifest.xml:27:13-37
52            <meta-data
52-->[androidx.emoji2:emoji2:1.2.0] AndroidManifest.xml:29:13-31:52
53                android:name="androidx.emoji2.text.EmojiCompatInitializer"
53-->[androidx.emoji2:emoji2:1.2.0] AndroidManifest.xml:30:17-75
54                android:value="androidx.startup" />
54-->[androidx.emoji2:emoji2:1.2.0] AndroidManifest.xml:31:17-49
55            <meta-data
55-->[androidx.lifecycle:lifecycle-process:2.6.1] AndroidManifest.xml:29:13-31:52
56                android:name="androidx.lifecycle.ProcessLifecycleInitializer"
56-->[androidx.lifecycle:lifecycle-process:2.6.1] AndroidManifest.xml:30:17-78
57                android:value="androidx.startup" />
57-->[androidx.lifecycle:lifecycle-process:2.6.1] AndroidManifest.xml:31:17-49
58            <meta-data
58-->[androidx.profileinstaller:profileinstaller:1.3.0] AndroidManifest.xml:29:13-31:52
59                android:name="androidx.profileinstaller.ProfileInstallerInitializer"
59-->[androidx.profileinstaller:profileinstaller:1.3.0] AndroidManifest.xml:30:17-85
60                android:value="androidx.startup" />
60-->[androidx.profileinstaller:profileinstaller:1.3.0] AndroidManifest.xml:31:17-49
61        </provider>
62
63        <receiver
63-->[androidx.profileinstaller:profileinstaller:1.3.0] AndroidManifest.xml:34:9-52:20
64            android:name="androidx.profileinstaller.ProfileInstallReceiver"
64-->[androidx.profileinstaller:profileinstaller:1.3.0] AndroidManifest.xml:35:13-76
65            android:directBootAware="false"
65-->[androidx.profileinstaller:profileinstaller:1.3.0] AndroidManifest.xml:36:13-44
66            android:enabled="true"
66-->[androidx.profileinstaller:profileinstaller:1.3.0] AndroidManifest.xml:37:13-35
67            android:exported="true"
67-->[androidx.profileinstaller:profileinstaller:1.3.0] AndroidManifest.xml:38:13-36
68            android:permission="android.permission.DUMP" >
68-->[androidx.profileinstaller:profileinstaller:1.3.0] AndroidManifest.xml:39:13-57
69            <intent-filter>
69-->[androidx.profileinstaller:profileinstaller:1.3.0] AndroidManifest.xml:40:13-42:29
70                <action android:name="androidx.profileinstaller.action.INSTALL_PROFILE" />
70-->[androidx.profileinstaller:profileinstaller:1.3.0] AndroidManifest.xml:41:17-91
70-->[androidx.profileinstaller:profileinstaller:1.3.0] AndroidManifest.xml:41:25-88
71            </intent-filter>
72            <intent-filter>
72-->[androidx.profileinstaller:profileinstaller:1.3.0] AndroidManifest.xml:43:13-45:29
73                <action android:name="androidx.profileinstaller.action.SKIP_FILE" />
73-->[androidx.profileinstaller:profileinstaller:1.3.0] AndroidManifest.xml:44:17-85
73-->[androidx.profileinstaller:profileinstaller:1.3.0] AndroidManifest.xml:44:25-82
74            </intent-filter>
75            <intent-filter>
75-->[androidx.profileinstaller:profileinstaller:1.3.0] AndroidManifest.xml:46:13-48:29
76                <action android:name="androidx.profileinstaller.action.SAVE_PROFILE" />
76-->[androidx.profileinstaller:profileinstaller:1.3.0] AndroidManifest.xml:47:17-88
76-->[androidx.profileinstaller:profileinstaller:1.3.0] AndroidManifest.xml:47:25-85
77            </intent-filter>
78            <intent-filter>
78-->[androidx.profileinstaller:profileinstaller:1.3.0] AndroidManifest.xml:49:13-51:29
79                <action android:name="androidx.profileinstaller.action.BENCHMARK_OPERATION" />
79-->[androidx.profileinstaller:profileinstaller:1.3.0] AndroidManifest.xml:50:17-95
79-->[androidx.profileinstaller:profileinstaller:1.3.0] AndroidManifest.xml:50:25-92
80            </intent-filter>
81        </receiver>
82    </application>
83
84</manifest>